{"C:\\Coding\\Persistance\\utils-global\\diag.js": {"path":"C:\\Coding\\Persistance\\utils-global\\diag.js","statementMap":{"0":{"start":{"line":4,"column":19},"end":{"line":4,"column":70}},"1":{"start":{"line":6,"column":22},"end":{"line":6,"column":54}},"2":{"start":{"line":7,"column":21},"end":{"line":7,"column":41}},"3":{"start":{"line":9,"column":17},"end":{"line":9,"column":28}},"4":{"start":{"line":10,"column":17},"end":{"line":10,"column":60}},"5":{"start":{"line":12,"column":4},"end":{"line":20,"column":5}},"6":{"start":{"line":13,"column":8},"end":{"line":19,"column":23}},"7":{"start":{"line":23,"column":0},"end":{"line":23,"column":21}}},"fnMap":{"0":{"name":"diag","decl":{"start":{"line":3,"column":9},"end":{"line":3,"column":13}},"loc":{"start":{"line":3,"column":56},"end":{"line":21,"column":1}},"line":3}},"branchMap":{"0":{"loc":{"start":{"line":3,"column":27},"end":{"line":3,"column":39}},"type":"default-arg","locations":[{"start":{"line":3,"column":35},"end":{"line":3,"column":39}}],"line":3},"1":{"loc":{"start":{"line":4,"column":19},"end":{"line":4,"column":70}},"type":"cond-expr","locations":[{"start":{"line":4,"column":50},"end":{"line":4,"column":54}},{"start":{"line":4,"column":57},"end":{"line":4,"column":70}}],"line":4},"2":{"loc":{"start":{"line":12,"column":4},"end":{"line":20,"column":5}},"type":"if","locations":[{"start":{"line":12,"column":4},"end":{"line":20,"column":5}},{"start":{"line":12,"column":4},"end":{"line":20,"column":5}}],"line":12},"3":{"loc":{"start":{"line":12,"column":8},"end":{"line":12,"column":23}},"type":"binary-expr","locations":[{"start":{"line":12,"column":8},"end":{"line":12,"column":13}},{"start":{"line":12,"column":17},"end":{"line":12,"column":23}}],"line":12}},"s":{"0":3,"1":3,"2":3,"3":3,"4":3,"5":3,"6":1,"7":1},"f":{"0":3},"b":{"0":[1],"1":[2,1],"2":[1,2],"3":[3,2]},"_coverageSchema":"332fd63041d2c1bcb487cc26dd0d5f7d97098a6c","hash":"0d1f9e8d1374d1223017eac81cefe1f0d5f54f9f"}
}
